2026-05-31 17:08:48  INFO      ============================================================
2026-05-31 17:08:48  INFO      Portfolio Price Fetcher — starting run
2026-05-31 17:08:48  INFO        Assets file  : assets.csv
2026-05-31 17:08:48  INFO        Output file  : prices.csv
2026-05-31 17:08:48  INFO        Bars to fetch: 10 trading days per ticker
2026-05-31 17:08:48  INFO        Rate limit   : one API call every 3.6s
2026-05-31 17:08:48  INFO      ============================================================
2026-05-31 17:08:48  INFO      Loaded 18 asset(s) from 'assets.csv'
2026-05-31 17:08:48  INFO      No existing prices file found at 'prices.csv'. A new file will be created on this run.
2026-05-31 17:08:48  INFO        LSE:EPRA (Amundi FTSE EPRA Nareit Global) [ETF] — no existing data, fetching 10 bars
2026-05-31 17:08:49  INFO        LSE:EPRA (Amundi FTSE EPRA Nareit Global) — 10 new row(s) added (most recent: 2026-05-29)
2026-05-31 17:08:52  INFO        LSE:SGLP (iShares Physical Gold) [ETF] — no existing data, fetching 10 bars
2026-05-31 17:08:53  INFO        LSE:SGLP (iShares Physical Gold) — 10 new row(s) added (most recent: 2026-05-29)
2026-05-31 17:08:57  INFO        LSE:CSP1 (iShares Core S&P 500) [ETF] — no existing data, fetching 10 bars
2026-05-31 17:08:57  INFO        LSE:CSP1 (iShares Core S&P 500) — 10 new row(s) added (most recent: 2026-05-29)
2026-05-31 17:09:01  INFO        LSE:CE31 (iShares Core MSCI EM IMI) [ETF] — no existing data, fetching 10 bars
2026-05-31 17:09:01  INFO        LSE:CE31 (iShares Core MSCI EM IMI) — 10 new row(s) added (most recent: 2026-05-28)
2026-05-31 17:09:05  INFO        LSE:IBGL (iShares Global Govt Bond) [ETF] — no existing data, fetching 10 bars
2026-05-31 17:09:05  INFO        LSE:IBGL (iShares Global Govt Bond) — 10 new row(s) added (most recent: 2026-05-29)
2026-05-31 17:09:09  INFO        LSE:USSC (iShares MSCI USA Small Cap) [ETF] — no existing data, fetching 10 bars
2026-05-31 17:09:10  INFO        LSE:USSC (iShares MSCI USA Small Cap) — 10 new row(s) added (most recent: 2026-05-29)
2026-05-31 17:09:13  INFO        LSE:UC64 (UBS MSCI World Socially Responsible) [ETF] — no existing data, fetching 10 bars
2026-05-31 17:09:14  INFO        LSE:UC64 (UBS MSCI World Socially Responsible) — 10 new row(s) added (most recent: 2026-05-29)
2026-05-31 17:09:18  INFO        LSE:XXSC (Xtrackers MSCI World Small Cap) [ETF] — no existing data, fetching 10 bars
2026-05-31 17:09:18  INFO        LSE:XXSC (Xtrackers MSCI World Small Cap) — 10 new row(s) added (most recent: 2026-05-29)
2026-05-31 17:09:22  INFO        LSE:XDEM (Xtrackers MSCI World Momentum) [ETF] — no existing data, fetching 10 bars
2026-05-31 17:09:23  INFO        LSE:XDEM (Xtrackers MSCI World Momentum) — 10 new row(s) added (most recent: 2026-05-29)
2026-05-31 17:09:26  INFO        LSE:XDEQ (Xtrackers MSCI World Quality) [ETF] — no existing data, fetching 10 bars
2026-05-31 17:09:27  INFO        LSE:XDEQ (Xtrackers MSCI World Quality) — 10 new row(s) added (most recent: 2026-05-29)
2026-05-31 17:09:30  INFO        LSE:XNAQ (Xtrackers MSCI World ESG) [ETF] — no existing data, fetching 10 bars
2026-05-31 17:09:31  INFO        LSE:XNAQ (Xtrackers MSCI World ESG) — 10 new row(s) added (most recent: 2026-05-29)
2026-05-31 17:09:35  INFO        NASDAQ:QCOM (Qualcomm) [US Stock] — no existing data, fetching 10 bars
2026-05-31 17:09:35  INFO        NASDAQ:QCOM (Qualcomm) — 10 new row(s) added (most recent: 2026-05-29)
2026-05-31 17:09:38  INFO        LSE:SWDA (iShares Core MSCI World) [ETF] — no existing data, fetching 10 bars
2026-05-31 17:09:39  INFO        LSE:SWDA (iShares Core MSCI World) — 10 new row(s) added (most recent: 2026-05-29)
2026-05-31 17:09:43  INFO        LSE:HMWO (HSBC MSCI World) [ETF] — no existing data, fetching 10 bars
2026-05-31 17:09:44  INFO        LSE:HMWO (HSBC MSCI World) — 10 new row(s) added (most recent: 2026-05-29)
2026-05-31 17:09:47  INFO        COINBASE:BTCGBP (Bitcoin GBP) [Crypto] — no existing data, fetching 10 bars
2026-05-31 17:09:48  INFO        COINBASE:BTCGBP (Bitcoin GBP) — 10 new row(s) added (most recent: 2026-05-31)
2026-05-31 17:09:51  INFO        LSE:DFNG (Dimensional Global Core Equity) [ETF] — no existing data, fetching 10 bars
2026-05-31 17:09:52  INFO        LSE:DFNG (Dimensional Global Core Equity) — 10 new row(s) added (most recent: 2026-05-29)
2026-05-31 17:09:56  INFO        LSE:XMWX (Xtrackers MSCI World ex USA) [ETF] — no existing data, fetching 10 bars
2026-05-31 17:09:56  INFO        LSE:XMWX (Xtrackers MSCI World ex USA) — 10 new row(s) added (most recent: 2026-05-29)
2026-05-31 17:10:00  INFO        FX:GBPUSD (GBP to USD Exchange Rate) [Forex] — no existing data, fetching 10 bars
2026-05-31 17:10:00  INFO        FX:GBPUSD (GBP to USD Exchange Rate) — 10 new row(s) added (most recent: 2026-05-28)
2026-05-31 17:10:03  INFO      Saved 180 total rows to 'prices.csv'
2026-05-31 17:10:03  INFO      ------------------------------------------------------------
2026-05-31 17:10:03  INFO      Run complete.
2026-05-31 17:10:03  INFO        New price rows added : 180
2026-05-31 17:10:03  INFO        Tickers skipped      : 0 (already up to date)
2026-05-31 17:10:03  INFO        Tickers with errors  : 0
2026-05-31 17:10:03  INFO      ============================================================
2026-05-31 21:46:02  INFO      ============================================================
2026-05-31 21:46:02  INFO      Portfolio Price Fetcher — starting run
2026-05-31 21:46:02  INFO        Assets file  : assets.csv
2026-05-31 21:46:02  INFO        Output file  : prices.csv
2026-05-31 21:46:02  INFO        Bars to fetch: 10 trading days per ticker
2026-05-31 21:46:02  INFO        Rate limit   : one API call every 3.6s
2026-05-31 21:46:02  INFO      ============================================================
2026-05-31 21:46:02  INFO      Loaded 18 asset(s) from 'assets.csv'
2026-05-31 21:46:02  INFO      Loaded 13191 existing price rows from 'prices.csv'
2026-05-31 21:46:02  INFO        LSE:EPRA (Amundi FTSE EPRA Nareit Global) [ETF] — fetching 10 bars (will filter to dates after 2026-05-29)
2026-05-31 21:46:03  INFO        LSE:EPRA (Amundi FTSE EPRA Nareit Global) — already up to date, nothing new to add.
2026-05-31 21:46:06  INFO        LSE:SGLP (iShares Physical Gold) [ETF] — fetching 10 bars (will filter to dates after 2026-05-29)
2026-05-31 21:46:07  INFO        LSE:SGLP (iShares Physical Gold) — already up to date, nothing new to add.
2026-05-31 21:46:11  INFO        LSE:CSP1 (iShares Core S&P 500) [ETF] — fetching 10 bars (will filter to dates after 2026-05-29)
2026-05-31 21:46:11  INFO        LSE:CSP1 (iShares Core S&P 500) — already up to date, nothing new to add.
2026-05-31 21:46:15  INFO        LSE:CE31 (iShares Core MSCI EM IMI) [ETF] — fetching 10 bars (will filter to dates after 2026-05-28)
2026-05-31 21:46:16  INFO        LSE:CE31 (iShares Core MSCI EM IMI) — already up to date, nothing new to add.
2026-05-31 21:46:19  INFO        LSE:IBGL (iShares Global Govt Bond) [ETF] — fetching 10 bars (will filter to dates after 2026-05-29)
2026-05-31 21:46:20  INFO        LSE:IBGL (iShares Global Govt Bond) — already up to date, nothing new to add.
2026-05-31 21:46:24  INFO        LSE:USSC (iShares MSCI USA Small Cap) [ETF] — fetching 10 bars (will filter to dates after 2026-05-29)
2026-05-31 21:46:25  INFO        LSE:USSC (iShares MSCI USA Small Cap) — already up to date, nothing new to add.
2026-05-31 21:46:28  INFO        LSE:UC64 (UBS MSCI World Socially Responsible) [ETF] — fetching 10 bars (will filter to dates after 2026-05-29)
2026-05-31 21:46:29  INFO        LSE:UC64 (UBS MSCI World Socially Responsible) — already up to date, nothing new to add.
2026-05-31 21:46:32  INFO        LSE:XXSC (Xtrackers MSCI World Small Cap) [ETF] — fetching 10 bars (will filter to dates after 2026-05-29)
2026-05-31 21:46:33  INFO        LSE:XXSC (Xtrackers MSCI World Small Cap) — already up to date, nothing new to add.
2026-05-31 21:46:37  INFO        LSE:XDEM (Xtrackers MSCI World Momentum) [ETF] — fetching 10 bars (will filter to dates after 2026-05-29)
2026-05-31 21:46:37  INFO        LSE:XDEM (Xtrackers MSCI World Momentum) — already up to date, nothing new to add.
2026-05-31 21:46:41  INFO        LSE:XDEQ (Xtrackers MSCI World Quality) [ETF] — fetching 10 bars (will filter to dates after 2026-05-29)
2026-05-31 21:46:42  INFO        LSE:XDEQ (Xtrackers MSCI World Quality) — already up to date, nothing new to add.
2026-05-31 21:46:45  INFO        LSE:XNAQ (Xtrackers MSCI World ESG) [ETF] — fetching 10 bars (will filter to dates after 2026-05-29)
2026-05-31 21:46:46  INFO        LSE:XNAQ (Xtrackers MSCI World ESG) — already up to date, nothing new to add.
2026-05-31 21:46:49  INFO        NASDAQ:QCOM (Qualcomm) [US Stock] — fetching 10 bars (will filter to dates after 2026-05-29)
2026-05-31 21:46:50  INFO        NASDAQ:QCOM (Qualcomm) — already up to date, nothing new to add.
2026-05-31 21:46:54  INFO        LSE:SWDA (iShares Core MSCI World) [ETF] — fetching 10 bars (will filter to dates after 2026-05-29)
2026-05-31 21:46:54  INFO        LSE:SWDA (iShares Core MSCI World) — already up to date, nothing new to add.
2026-05-31 21:46:58  INFO        LSE:HMWO (HSBC MSCI World) [ETF] — fetching 10 bars (will filter to dates after 2026-05-29)
2026-05-31 21:46:58  INFO        LSE:HMWO (HSBC MSCI World) — already up to date, nothing new to add.
2026-05-31 21:47:02  INFO        COINBASE:BTCGBP (Bitcoin GBP) — already up to date (latest: 2026-05-30). Skipping.
2026-05-31 21:47:02  INFO        LSE:DFNG (Dimensional Global Core Equity) [ETF] — fetching 10 bars (will filter to dates after 2026-05-29)
2026-05-31 21:47:03  INFO        LSE:DFNG (Dimensional Global Core Equity) — already up to date, nothing new to add.
2026-05-31 21:47:06  INFO        LSE:XMWX (Xtrackers MSCI World ex USA) [ETF] — fetching 10 bars (will filter to dates after 2026-05-29)
2026-05-31 21:47:07  INFO        LSE:XMWX (Xtrackers MSCI World ex USA) — already up to date, nothing new to add.
2026-05-31 21:47:11  INFO        FX:GBPUSD (GBP to USD Exchange Rate) [Forex] — fetching 10 bars (will filter to dates after 2026-05-28)
2026-05-31 21:47:11  INFO        FX:GBPUSD (GBP to USD Exchange Rate) — 1 new row(s) added (most recent: 2026-05-31)
2026-05-31 21:47:15  INFO      Saved 13192 total rows to 'prices.csv'
2026-05-31 21:47:15  INFO      ------------------------------------------------------------
2026-05-31 21:47:15  INFO      Run complete.
2026-05-31 21:47:15  INFO        New price rows added : 1
2026-05-31 21:47:15  INFO        Tickers skipped      : 17 (already up to date)
2026-05-31 21:47:15  INFO        Tickers with errors  : 0
2026-05-31 21:47:15  INFO      ============================================================
2026-06-02 12:17:19  INFO      ============================================================
2026-06-02 12:17:19  INFO      Portfolio Price Fetcher — starting run
2026-06-02 12:17:19  INFO        Assets file  : assets.csv
2026-06-02 12:17:19  INFO        Output file  : prices.csv
2026-06-02 12:17:19  INFO        Bars to fetch: 10 trading days per ticker
2026-06-02 12:17:19  INFO        Rate limit   : one API call every 3.6s
2026-06-02 12:17:19  INFO      ============================================================
2026-06-02 12:17:19  INFO      Loaded 18 asset(s) from 'assets.csv'
2026-06-02 12:17:19  INFO      Loaded 17236 existing price rows from 'prices.csv'
2026-06-02 12:17:19  INFO        LSE:EPRA (Amundi FTSE EPRA Nareit Global) — already up to date (latest: 2026-12-05). Skipping.
2026-06-02 12:17:19  INFO        LSE:SGLP (iShares Physical Gold) — already up to date (latest: 2026-12-05). Skipping.
2026-06-02 12:17:19  INFO        LSE:CSP1 (iShares Core S&P 500) — already up to date (latest: 2026-12-05). Skipping.
2026-06-02 12:17:19  INFO        LSE:CE31 (iShares Core MSCI EM IMI) — already up to date (latest: 2026-12-05). Skipping.
2026-06-02 12:17:19  INFO        LSE:IBGL (iShares Global Govt Bond) — already up to date (latest: 2026-12-05). Skipping.
2026-06-02 12:17:19  INFO        LSE:USSC (iShares MSCI USA Small Cap) — already up to date (latest: 2026-12-05). Skipping.
2026-06-02 12:17:19  INFO        LSE:UC64 (UBS MSCI World Socially Responsible) — already up to date (latest: 2026-12-05). Skipping.
2026-06-02 12:17:19  INFO        LSE:XXSC (Xtrackers MSCI World Small Cap) — already up to date (latest: 2026-12-05). Skipping.
2026-06-02 12:17:19  INFO        LSE:XDEM (Xtrackers MSCI World Momentum) — already up to date (latest: 2026-12-05). Skipping.
2026-06-02 12:17:19  INFO        LSE:XDEQ (Xtrackers MSCI World Quality) — already up to date (latest: 2026-12-05). Skipping.
2026-06-02 12:17:19  INFO        LSE:XNAQ (Xtrackers MSCI World ESG) — already up to date (latest: 2026-12-05). Skipping.
2026-06-02 12:17:19  INFO        NASDAQ:QCOM (Qualcomm) — already up to date (latest: 2026-12-05). Skipping.
2026-06-02 12:17:19  INFO        LSE:SWDA (iShares Core MSCI World) — already up to date (latest: 2026-12-05). Skipping.
2026-06-02 12:17:19  INFO        LSE:HMWO (HSBC MSCI World) — already up to date (latest: 2026-12-05). Skipping.
2026-06-02 12:17:19  INFO        COINBASE:BTCGBP (Bitcoin GBP) — already up to date (latest: 2026-12-05). Skipping.
2026-06-02 12:17:19  INFO        LSE:DFNG (Dimensional Global Core Equity) — already up to date (latest: 2026-12-05). Skipping.
2026-06-02 12:17:19  INFO        LSE:XMWX (Xtrackers MSCI World ex USA) — already up to date (latest: 2026-12-05). Skipping.
2026-06-02 12:17:19  INFO        FX:GBPUSD (GBP to USD Exchange Rate) — already up to date (latest: 2026-12-05). Skipping.
2026-06-02 12:17:19  INFO      No new price data to add — output file is unchanged.
2026-06-02 12:17:19  INFO      ------------------------------------------------------------
2026-06-02 12:17:19  INFO      Run complete.
2026-06-02 12:17:19  INFO        New price rows added : 0
2026-06-02 12:17:19  INFO        Tickers skipped      : 18 (already up to date)
2026-06-02 12:17:19  INFO        Tickers with errors  : 0
2026-06-02 12:17:19  INFO      ============================================================
2026-06-03 14:18:44  INFO      ============================================================
2026-06-03 14:18:44  INFO      Portfolio Price Fetcher — starting run
2026-06-03 14:18:44  INFO        Assets file  : assets.csv
2026-06-03 14:18:44  INFO        Output file  : prices.csv
2026-06-03 14:18:44  INFO        Bars to fetch: 10 trading days per ticker
2026-06-03 14:18:44  INFO        Rate limit   : one API call every 3.6s
2026-06-03 14:18:44  INFO      ============================================================
2026-06-03 14:18:44  INFO      Loaded 18 asset(s) from 'assets.csv'
2026-06-03 14:18:44  INFO      Loaded 17236 existing price rows from 'prices.csv'
2026-06-03 14:18:44  INFO        LSE:EPRA (Amundi FTSE EPRA Nareit Global) — already up to date (latest: 2026-12-05). Skipping.
2026-06-03 14:18:44  INFO        LSE:SGLP (iShares Physical Gold) — already up to date (latest: 2026-12-05). Skipping.
2026-06-03 14:18:44  INFO        LSE:CSP1 (iShares Core S&P 500) — already up to date (latest: 2026-12-05). Skipping.
2026-06-03 14:18:44  INFO        LSE:CE31 (iShares Core MSCI EM IMI) — already up to date (latest: 2026-12-05). Skipping.
2026-06-03 14:18:44  INFO        LSE:IBGL (iShares Global Govt Bond) — already up to date (latest: 2026-12-05). Skipping.
2026-06-03 14:18:44  INFO        LSE:USSC (iShares MSCI USA Small Cap) — already up to date (latest: 2026-12-05). Skipping.
2026-06-03 14:18:44  INFO        LSE:UC64 (UBS MSCI World Socially Responsible) — already up to date (latest: 2026-12-05). Skipping.
2026-06-03 14:18:44  INFO        LSE:XXSC (Xtrackers MSCI World Small Cap) — already up to date (latest: 2026-12-05). Skipping.
2026-06-03 14:18:44  INFO        LSE:XDEM (Xtrackers MSCI World Momentum) — already up to date (latest: 2026-12-05). Skipping.
2026-06-03 14:18:44  INFO        LSE:XDEQ (Xtrackers MSCI World Quality) — already up to date (latest: 2026-12-05). Skipping.
2026-06-03 14:18:44  INFO        LSE:XNAQ (Xtrackers MSCI World ESG) — already up to date (latest: 2026-12-05). Skipping.
2026-06-03 14:18:44  INFO        NASDAQ:QCOM (Qualcomm) — already up to date (latest: 2026-12-05). Skipping.
2026-06-03 14:18:44  INFO        LSE:SWDA (iShares Core MSCI World) — already up to date (latest: 2026-12-05). Skipping.
2026-06-03 14:18:44  INFO        LSE:HMWO (HSBC MSCI World) — already up to date (latest: 2026-12-05). Skipping.
2026-06-03 14:18:44  INFO        COINBASE:BTCGBP (Bitcoin GBP) — already up to date (latest: 2026-12-05). Skipping.
2026-06-03 14:18:44  INFO        LSE:DFNG (Dimensional Global Core Equity) — already up to date (latest: 2026-12-05). Skipping.
2026-06-03 14:18:44  INFO        LSE:XMWX (Xtrackers MSCI World ex USA) — already up to date (latest: 2026-12-05). Skipping.
2026-06-03 14:18:44  INFO        FX:GBPUSD (GBP to USD Exchange Rate) — already up to date (latest: 2026-12-05). Skipping.
2026-06-03 14:18:44  INFO      No new price data to add — output file is unchanged.
2026-06-03 14:18:44  INFO      ------------------------------------------------------------
2026-06-03 14:18:44  INFO      Run complete.
2026-06-03 14:18:44  INFO        New price rows added : 0
2026-06-03 14:18:44  INFO        Tickers skipped      : 18 (already up to date)
2026-06-03 14:18:44  INFO        Tickers with errors  : 0
2026-06-03 14:18:44  INFO      ============================================================
2026-06-04 10:45:00  INFO      ============================================================
2026-06-04 10:45:00  INFO      Portfolio Price Fetcher — starting run
2026-06-04 10:45:00  INFO        Assets file  : assets.csv
2026-06-04 10:45:00  INFO        Output file  : prices.csv
2026-06-04 10:45:00  INFO        Bars to fetch: 10 trading days per ticker
2026-06-04 10:45:00  INFO        Rate limit   : one API call every 3.6s
2026-06-04 10:45:00  INFO      ============================================================
2026-06-04 10:45:00  INFO      Loaded 18 asset(s) from 'assets.csv'
2026-06-04 10:45:00  INFO      Loaded 17236 existing price rows from 'prices.csv'
2026-06-04 10:45:00  INFO        LSE:EPRA (Amundi FTSE EPRA Nareit Global) — already up to date (latest: 2026-12-05). Skipping.
2026-06-04 10:45:00  INFO        LSE:SGLP (iShares Physical Gold) — already up to date (latest: 2026-12-05). Skipping.
2026-06-04 10:45:00  INFO        LSE:CSP1 (iShares Core S&P 500) — already up to date (latest: 2026-12-05). Skipping.
2026-06-04 10:45:00  INFO        LSE:CE31 (iShares Core MSCI EM IMI) — already up to date (latest: 2026-12-05). Skipping.
2026-06-04 10:45:00  INFO        LSE:IBGL (iShares Global Govt Bond) — already up to date (latest: 2026-12-05). Skipping.
2026-06-04 10:45:00  INFO        LSE:USSC (iShares MSCI USA Small Cap) — already up to date (latest: 2026-12-05). Skipping.
2026-06-04 10:45:00  INFO        LSE:UC64 (UBS MSCI World Socially Responsible) — already up to date (latest: 2026-12-05). Skipping.
2026-06-04 10:45:00  INFO        LSE:XXSC (Xtrackers MSCI World Small Cap) — already up to date (latest: 2026-12-05). Skipping.
2026-06-04 10:45:00  INFO        LSE:XDEM (Xtrackers MSCI World Momentum) — already up to date (latest: 2026-12-05). Skipping.
2026-06-04 10:45:00  INFO        LSE:XDEQ (Xtrackers MSCI World Quality) — already up to date (latest: 2026-12-05). Skipping.
2026-06-04 10:45:00  INFO        LSE:XNAQ (Xtrackers MSCI World ESG) — already up to date (latest: 2026-12-05). Skipping.
2026-06-04 10:45:00  INFO        NASDAQ:QCOM (Qualcomm) — already up to date (latest: 2026-12-05). Skipping.
2026-06-04 10:45:00  INFO        LSE:SWDA (iShares Core MSCI World) — already up to date (latest: 2026-12-05). Skipping.
2026-06-04 10:45:00  INFO        LSE:HMWO (HSBC MSCI World) — already up to date (latest: 2026-12-05). Skipping.
2026-06-04 10:45:00  INFO        COINBASE:BTCGBP (Bitcoin GBP) — already up to date (latest: 2026-12-05). Skipping.
2026-06-04 10:45:00  INFO        LSE:DFNG (Dimensional Global Core Equity) — already up to date (latest: 2026-12-05). Skipping.
2026-06-04 10:45:00  INFO        LSE:XMWX (Xtrackers MSCI World ex USA) — already up to date (latest: 2026-12-05). Skipping.
2026-06-04 10:45:00  INFO        FX:GBPUSD (GBP to USD Exchange Rate) — already up to date (latest: 2026-12-05). Skipping.
2026-06-04 10:45:00  INFO      No new price data to add — output file is unchanged.
2026-06-04 10:45:00  INFO      ------------------------------------------------------------
2026-06-04 10:45:00  INFO      Run complete.
2026-06-04 10:45:00  INFO        New price rows added : 0
2026-06-04 10:45:00  INFO        Tickers skipped      : 18 (already up to date)
2026-06-04 10:45:00  INFO        Tickers with errors  : 0
2026-06-04 10:45:00  INFO      ============================================================
2026-06-05 08:58:51  INFO      ============================================================
2026-06-05 08:58:51  INFO      Portfolio Price Fetcher — starting run
2026-06-05 08:58:51  INFO        Assets file  : assets.csv
2026-06-05 08:58:51  INFO        Output file  : prices.csv
2026-06-05 08:58:51  INFO        Bars to fetch: 10 trading days per ticker
2026-06-05 08:58:51  INFO        Rate limit   : one API call every 3.6s
2026-06-05 08:58:51  INFO      ============================================================
2026-06-05 08:58:51  INFO      Loaded 18 asset(s) from 'assets.csv'
2026-06-05 08:58:51  INFO      Loaded 17236 existing price rows from 'prices.csv'
2026-06-05 08:58:51  INFO        LSE:EPRA (Amundi FTSE EPRA Nareit Global) — already up to date (latest: 2026-12-05). Skipping.
2026-06-05 08:58:51  INFO        LSE:SGLP (iShares Physical Gold) — already up to date (latest: 2026-12-05). Skipping.
2026-06-05 08:58:51  INFO        LSE:CSP1 (iShares Core S&P 500) — already up to date (latest: 2026-12-05). Skipping.
2026-06-05 08:58:51  INFO        LSE:CE31 (iShares Core MSCI EM IMI) — already up to date (latest: 2026-12-05). Skipping.
2026-06-05 08:58:51  INFO        LSE:IBGL (iShares Global Govt Bond) — already up to date (latest: 2026-12-05). Skipping.
2026-06-05 08:58:51  INFO        LSE:USSC (iShares MSCI USA Small Cap) — already up to date (latest: 2026-12-05). Skipping.
2026-06-05 08:58:51  INFO        LSE:UC64 (UBS MSCI World Socially Responsible) — already up to date (latest: 2026-12-05). Skipping.
2026-06-05 08:58:51  INFO        LSE:XXSC (Xtrackers MSCI World Small Cap) — already up to date (latest: 2026-12-05). Skipping.
2026-06-05 08:58:51  INFO        LSE:XDEM (Xtrackers MSCI World Momentum) — already up to date (latest: 2026-12-05). Skipping.
2026-06-05 08:58:51  INFO        LSE:XDEQ (Xtrackers MSCI World Quality) — already up to date (latest: 2026-12-05). Skipping.
2026-06-05 08:58:51  INFO        LSE:XNAQ (Xtrackers MSCI World ESG) — already up to date (latest: 2026-12-05). Skipping.
2026-06-05 08:58:51  INFO        NASDAQ:QCOM (Qualcomm) — already up to date (latest: 2026-12-05). Skipping.
2026-06-05 08:58:51  INFO        LSE:SWDA (iShares Core MSCI World) — already up to date (latest: 2026-12-05). Skipping.
2026-06-05 08:58:51  INFO        LSE:HMWO (HSBC MSCI World) — already up to date (latest: 2026-12-05). Skipping.
2026-06-05 08:58:51  INFO        COINBASE:BTCGBP (Bitcoin GBP) — already up to date (latest: 2026-12-05). Skipping.
2026-06-05 08:58:51  INFO        LSE:DFNG (Dimensional Global Core Equity) — already up to date (latest: 2026-12-05). Skipping.
2026-06-05 08:58:51  INFO        LSE:XMWX (Xtrackers MSCI World ex USA) — already up to date (latest: 2026-12-05). Skipping.
2026-06-05 08:58:51  INFO        FX:GBPUSD (GBP to USD Exchange Rate) — already up to date (latest: 2026-12-05). Skipping.
2026-06-05 08:58:51  INFO      No new price data to add — output file is unchanged.
2026-06-05 08:58:51  INFO      ------------------------------------------------------------
2026-06-05 08:58:51  INFO      Run complete.
2026-06-05 08:58:51  INFO        New price rows added : 0
2026-06-05 08:58:51  INFO        Tickers skipped      : 18 (already up to date)
2026-06-05 08:58:51  INFO        Tickers with errors  : 0
2026-06-05 08:58:51  INFO      ============================================================
2026-06-06 07:38:43  INFO      ============================================================
2026-06-06 07:38:43  INFO      Portfolio Price Fetcher — starting run
2026-06-06 07:38:43  INFO        Assets file  : assets.csv
2026-06-06 07:38:43  INFO        Output file  : prices.csv
2026-06-06 07:38:43  INFO        Bars to fetch: 10 trading days per ticker
2026-06-06 07:38:43  INFO        Rate limit   : one API call every 3.6s
2026-06-06 07:38:43  INFO      ============================================================
2026-06-06 07:38:43  INFO      Loaded 18 asset(s) from 'assets.csv'
2026-06-06 07:38:43  INFO      Loaded 17236 existing price rows from 'prices.csv'
2026-06-06 07:38:43  INFO        LSE:EPRA (Amundi FTSE EPRA Nareit Global) — already up to date (latest: 2026-12-05). Skipping.
2026-06-06 07:38:43  INFO        LSE:SGLP (iShares Physical Gold) — already up to date (latest: 2026-12-05). Skipping.
2026-06-06 07:38:43  INFO        LSE:CSP1 (iShares Core S&P 500) — already up to date (latest: 2026-12-05). Skipping.
2026-06-06 07:38:43  INFO        LSE:CE31 (iShares Core MSCI EM IMI) — already up to date (latest: 2026-12-05). Skipping.
2026-06-06 07:38:43  INFO        LSE:IBGL (iShares Global Govt Bond) — already up to date (latest: 2026-12-05). Skipping.
2026-06-06 07:38:43  INFO        LSE:USSC (iShares MSCI USA Small Cap) — already up to date (latest: 2026-12-05). Skipping.
2026-06-06 07:38:43  INFO        LSE:UC64 (UBS MSCI World Socially Responsible) — already up to date (latest: 2026-12-05). Skipping.
2026-06-06 07:38:43  INFO        LSE:XXSC (Xtrackers MSCI World Small Cap) — already up to date (latest: 2026-12-05). Skipping.
2026-06-06 07:38:43  INFO        LSE:XDEM (Xtrackers MSCI World Momentum) — already up to date (latest: 2026-12-05). Skipping.
2026-06-06 07:38:43  INFO        LSE:XDEQ (Xtrackers MSCI World Quality) — already up to date (latest: 2026-12-05). Skipping.
2026-06-06 07:38:43  INFO        LSE:XNAQ (Xtrackers MSCI World ESG) — already up to date (latest: 2026-12-05). Skipping.
2026-06-06 07:38:43  INFO        NASDAQ:QCOM (Qualcomm) — already up to date (latest: 2026-12-05). Skipping.
2026-06-06 07:38:43  INFO        LSE:SWDA (iShares Core MSCI World) — already up to date (latest: 2026-12-05). Skipping.
2026-06-06 07:38:43  INFO        LSE:HMWO (HSBC MSCI World) — already up to date (latest: 2026-12-05). Skipping.
2026-06-06 07:38:43  INFO        COINBASE:BTCGBP (Bitcoin GBP) — already up to date (latest: 2026-12-05). Skipping.
2026-06-06 07:38:43  INFO        LSE:DFNG (Dimensional Global Core Equity) — already up to date (latest: 2026-12-05). Skipping.
2026-06-06 07:38:43  INFO        LSE:XMWX (Xtrackers MSCI World ex USA) — already up to date (latest: 2026-12-05). Skipping.
2026-06-06 07:38:43  INFO        FX:GBPUSD (GBP to USD Exchange Rate) — already up to date (latest: 2026-12-05). Skipping.
2026-06-06 07:38:43  INFO      No new price data to add — output file is unchanged.
2026-06-06 07:38:43  INFO      ------------------------------------------------------------
2026-06-06 07:38:43  INFO      Run complete.
2026-06-06 07:38:43  INFO        New price rows added : 0
2026-06-06 07:38:43  INFO        Tickers skipped      : 18 (already up to date)
2026-06-06 07:38:43  INFO        Tickers with errors  : 0
2026-06-06 07:38:43  INFO      ============================================================
2026-06-09 08:51:12  INFO      ============================================================
2026-06-09 08:51:12  INFO      Portfolio Price Fetcher — starting run
2026-06-09 08:51:12  INFO        Assets file  : assets.csv
2026-06-09 08:51:12  INFO        Output file  : prices.csv
2026-06-09 08:51:12  INFO        Bars to fetch: 10 trading days per ticker
2026-06-09 08:51:12  INFO        Rate limit   : one API call every 3.6s
2026-06-09 08:51:12  INFO      ============================================================
2026-06-09 08:51:12  INFO      Loaded 18 asset(s) from 'assets.csv'
2026-06-09 08:51:12  INFO      Loaded 17236 existing price rows from 'prices.csv'
2026-06-09 08:51:12  INFO        LSE:EPRA (Amundi FTSE EPRA Nareit Global) — already up to date (latest: 2026-12-05). Skipping.
2026-06-09 08:51:12  INFO        LSE:SGLP (iShares Physical Gold) — already up to date (latest: 2026-12-05). Skipping.
2026-06-09 08:51:12  INFO        LSE:CSP1 (iShares Core S&P 500) — already up to date (latest: 2026-12-05). Skipping.
2026-06-09 08:51:12  INFO        LSE:CE31 (iShares Core MSCI EM IMI) — already up to date (latest: 2026-12-05). Skipping.
2026-06-09 08:51:12  INFO        LSE:IBGL (iShares Global Govt Bond) — already up to date (latest: 2026-12-05). Skipping.
2026-06-09 08:51:12  INFO        LSE:USSC (iShares MSCI USA Small Cap) — already up to date (latest: 2026-12-05). Skipping.
2026-06-09 08:51:12  INFO        LSE:UC64 (UBS MSCI World Socially Responsible) — already up to date (latest: 2026-12-05). Skipping.
2026-06-09 08:51:12  INFO        LSE:XXSC (Xtrackers MSCI World Small Cap) — already up to date (latest: 2026-12-05). Skipping.
2026-06-09 08:51:12  INFO        LSE:XDEM (Xtrackers MSCI World Momentum) — already up to date (latest: 2026-12-05). Skipping.
2026-06-09 08:51:12  INFO        LSE:XDEQ (Xtrackers MSCI World Quality) — already up to date (latest: 2026-12-05). Skipping.
2026-06-09 08:51:12  INFO        LSE:XNAQ (Xtrackers MSCI World ESG) — already up to date (latest: 2026-12-05). Skipping.
2026-06-09 08:51:12  INFO        NASDAQ:QCOM (Qualcomm) — already up to date (latest: 2026-12-05). Skipping.
2026-06-09 08:51:12  INFO        LSE:SWDA (iShares Core MSCI World) — already up to date (latest: 2026-12-05). Skipping.
2026-06-09 08:51:12  INFO        LSE:HMWO (HSBC MSCI World) — already up to date (latest: 2026-12-05). Skipping.
2026-06-09 08:51:12  INFO        COINBASE:BTCGBP (Bitcoin GBP) — already up to date (latest: 2026-12-05). Skipping.
2026-06-09 08:51:12  INFO        LSE:DFNG (Dimensional Global Core Equity) — already up to date (latest: 2026-12-05). Skipping.
2026-06-09 08:51:12  INFO        LSE:XMWX (Xtrackers MSCI World ex USA) — already up to date (latest: 2026-12-05). Skipping.
2026-06-09 08:51:12  INFO        FX:GBPUSD (GBP to USD Exchange Rate) — already up to date (latest: 2026-12-05). Skipping.
2026-06-09 08:51:12  INFO      No new price data to add — output file is unchanged.
2026-06-09 08:51:12  INFO      ------------------------------------------------------------
2026-06-09 08:51:12  INFO      Run complete.
2026-06-09 08:51:12  INFO        New price rows added : 0
2026-06-09 08:51:12  INFO        Tickers skipped      : 18 (already up to date)
2026-06-09 08:51:12  INFO        Tickers with errors  : 0
2026-06-09 08:51:12  INFO      ============================================================
